# JRE version: OpenJDK Runtime Environment (20.0.1+9) (build 20.0.1+9-29)
# Java VM: OpenJDK 64-Bit Server VM (20.0.1+9-29, mixed mode, sharing, tiered, compressed oops, compressed class ptrs, g1 gc, windows-amd64)
GC Precious Log:
 CardTable entry size: 512
 Card Set container configuration: InlinePtr #cards 5 size 8 Array Of Cards #cards 12 size 40 Howl #buckets 4 coarsen threshold 1843 Howl Bitmap #cards 512 size 80 coarsen threshold 460 Card regions per heap region 1 cards per card region 2048
 CPUs: 12 total, 12 available
 Memory: 7597M
 Large Page Support: Disabled
 NUMA Support: Disabled
 Compressed Oops: Enabled (32-bit)
 Heap Region Size: 1M
 Heap Min Capacity: 8M
 Heap Initial Capacity: 120M
 Heap Max Capacity: 1900M
 Pre-touch: Disabled
 Parallel Workers: 10
 Concurrent Workers: 3
 Concurrent Refinement Workers: 10
 Periodic GC: Disabled
Heap:
 garbage-first heap   total 99328K, used 69223K [0x0000000089400000, 0x0000000100000000)
  region size 1024K, 43 young (44032K), 1 survivors (1024K)
 Metaspace       used 56544K, committed 57344K, reserved 1114112K
  class space    used 6767K, committed 7104K, reserved 1048576K
GC Heap History (20 events):
Event: 9458.641 GC heap before
{Heap before GC invocations=57 (full 0):
 garbage-first heap   total 102400K, used 88916K [0x0000000089400000, 0x0000000100000000)
  region size 1024K, 60 young (61440K), 1 survivors (1024K)
 Metaspace       used 56518K, committed 57344K, reserved 1114112K
  class space    used 6766K, committed 7104K, reserved 1048576K
}
Event: 9458.642 GC heap after
{Heap after GC invocations=58 (full 0):
 garbage-first heap   total 102400K, used 28482K [0x0000000089400000, 0x0000000100000000)
  region size 1024K, 1 young (1024K), 1 survivors (1024K)
 Metaspace       used 56518K, committed 57344K, reserved 1114112K
  class space    used 6766K, committed 7104K, reserved 1048576K
}
Event: 9464.101 GC heap before
{Heap before GC invocations=58 (full 0):
 garbage-first heap   total 102400K, used 88898K [0x0000000089400000, 0x0000000100000000)
  region size 1024K, 60 young (61440K), 1 survivors (1024K)
 Metaspace       used 56518K, committed 57344K, reserved 1114112K
  class space    used 6766K, committed 7104K, reserved 1048576K
}
Event: 9464.116 GC heap after
{Heap after GC invocations=59 (full 0):
 garbage-first heap   total 102400K, used 28090K [0x0000000089400000, 0x0000000100000000)
  region size 1024K, 1 young (1024K), 1 survivors (1024K)
 Metaspace       used 56518K, committed 57344K, reserved 1114112K
  class space    used 6766K, committed 7104K, reserved 1048576K
}
Event: 9471.562 GC heap before
{Heap before GC invocations=59 (full 0):
 garbage-first heap   total 102400K, used 88506K [0x0000000089400000, 0x0000000100000000)
  region size 1024K, 60 young (61440K), 1 survivors (1024K)
 Metaspace       used 56518K, committed 57344K, reserved 1114112K
  class space    used 6766K, committed 7104K, reserved 1048576K
}
Event: 9471.564 GC heap after
{Heap after GC invocations=60 (full 0):
 garbage-first heap   total 102400K, used 28074K [0x0000000089400000, 0x0000000100000000)
  region size 1024K, 1 young (1024K), 1 survivors (1024K)
 Metaspace       used 56518K, committed 57344K, reserved 1114112K
  class space    used 6766K, committed 7104K, reserved 1048576K
}
Event: 9480.794 GC heap before
{Heap before GC invocations=61 (full 0):
 garbage-first heap   total 99328K, used 86442K [0x0000000089400000, 0x0000000100000000)
  region size 1024K, 58 young (59392K), 1 survivors (1024K)
 Metaspace       used 56518K, committed 57344K, reserved 1114112K
  class space    used 6766K, committed 7104K, reserved 1048576K
}
Event: 9480.798 GC heap after
{Heap after GC invocations=62 (full 0):
 garbage-first heap   total 99328K, used 28079K [0x0000000089400000, 0x0000000100000000)
  region size 1024K, 1 young (1024K), 1 survivors (1024K)
 Metaspace       used 56518K, committed 57344K, reserved 1114112K
  class space    used 6766K, committed 7104K, reserved 1048576K
}
Event: 9484.389 GC heap before
{Heap before GC invocations=62 (full 0):
 garbage-first heap   total 99328K, used 86447K [0x0000000089400000, 0x0000000100000000)
  region size 1024K, 58 young (59392K), 1 survivors (1024K)
 Metaspace       used 56518K, committed 57344K, reserved 1114112K
  class space    used 6766K, committed 7104K, reserved 1048576K
}
Event: 9484.394 GC heap after
{Heap after GC invocations=63 (full 0):
 garbage-first heap   total 99328K, used 27515K [0x0000000089400000, 0x0000000100000000)
  region size 1024K, 1 young (1024K), 1 survivors (1024K)
 Metaspace       used 56518K, committed 57344K, reserved 1114112K
  class space    used 6766K, committed 7104K, reserved 1048576K
}
Event: 9485.491 GC heap before
{Heap before GC invocations=63 (full 0):
 garbage-first heap   total 99328K, used 85883K [0x0000000089400000, 0x0000000100000000)
  region size 1024K, 58 young (59392K), 1 survivors (1024K)
 Metaspace       used 56519K, committed 57344K, reserved 1114112K
  class space    used 6766K, committed 7104K, reserved 1048576K
}
Event: 9485.492 GC heap after
{Heap after GC invocations=64 (full 0):
 garbage-first heap   total 99328K, used 27545K [0x0000000089400000, 0x0000000100000000)
  region size 1024K, 1 young (1024K), 1 survivors (1024K)
 Metaspace       used 56519K, committed 57344K, reserved 1114112K
  class space    used 6766K, committed 7104K, reserved 1048576K
}
Event: 9487.155 GC heap before
{Heap before GC invocations=65 (full 0):
 garbage-first heap   total 99328K, used 85913K [0x0000000089400000, 0x0000000100000000)
  region size 1024K, 58 young (59392K), 1 survivors (1024K)
 Metaspace       used 56519K, committed 57344K, reserved 1114112K
  class space    used 6766K, committed 7104K, reserved 1048576K
}
Event: 9487.156 GC heap after
{Heap after GC invocations=66 (full 0):
 garbage-first heap   total 119808K, used 27565K [0x0000000089400000, 0x0000000100000000)
  region size 1024K, 1 young (1024K), 1 survivors (1024K)
 Metaspace       used 56519K, committed 57344K, reserved 1114112K
  class space    used 6766K, committed 7104K, reserved 1048576K
}
Event: 9490.964 GC heap before
{Heap before GC invocations=66 (full 0):
 garbage-first heap   total 119808K, used 98221K [0x0000000089400000, 0x0000000100000000)
  region size 1024K, 70 young (71680K), 1 survivors (1024K)
 Metaspace       used 56519K, committed 57344K, reserved 1114112K
  class space    used 6766K, committed 7104K, reserved 1048576K
}
Event: 9490.979 GC heap after
{Heap after GC invocations=67 (full 0):
 garbage-first heap   total 119808K, used 27222K [0x0000000089400000, 0x0000000100000000)
  region size 1024K, 1 young (1024K), 1 survivors (1024K)
 Metaspace       used 56519K, committed 57344K, reserved 1114112K
  class space    used 6766K, committed 7104K, reserved 1048576K
}
Event: 9497.127 GC heap before
{Heap before GC invocations=67 (full 0):
 garbage-first heap   total 119808K, used 97878K [0x0000000089400000, 0x0000000100000000)
  region size 1024K, 70 young (71680K), 1 survivors (1024K)
 Metaspace       used 56521K, committed 57344K, reserved 1114112K
  class space    used 6766K, committed 7104K, reserved 1048576K
}
Event: 9497.139 GC heap after
{Heap after GC invocations=68 (full 0):
 garbage-first heap   total 119808K, used 27233K [0x0000000089400000, 0x0000000100000000)
  region size 1024K, 1 young (1024K), 1 survivors (1024K)
 Metaspace       used 56521K, committed 57344K, reserved 1114112K
  class space    used 6766K, committed 7104K, reserved 1048576K
}
Event: 9504.171 GC heap before
{Heap before GC invocations=69 (full 0):
 garbage-first heap   total 99328K, used 85601K [0x0000000089400000, 0x0000000100000000)
  region size 1024K, 58 young (59392K), 1 survivors (1024K)
 Metaspace       used 56521K, committed 57344K, reserved 1114112K
  class space    used 6766K, committed 7104K, reserved 1048576K
}
Event: 9504.172 GC heap after
{Heap after GC invocations=70 (full 0):
 garbage-first heap   total 99328K, used 27239K [0x0000000089400000, 0x0000000100000000)
  region size 1024K, 1 young (1024K), 1 survivors (1024K)
 Metaspace       used 56521K, committed 57344K, reserved 1114112K
  class space    used 6766K, committed 7104K, reserved 1048576K
}

